  main.cpp
d:\githubrepos\rts_p1\rts\rts_p1\main.cpp(23): warning C4018: "<": Konflikt zwischen "signed" und "unsigned"
d:\githubrepos\rts_p1\rts\rts_p1\main.cpp(74): warning C4018: "<": Konflikt zwischen "signed" und "unsigned"
d:\githubrepos\rts_p1\rts\rts_p1\main.cpp(87): warning C4244: "Initialisierung": Konvertierung von "int" in "float", möglicher Datenverlust
d:\githubrepos\rts_p1\rts\rts_p1\main.cpp(113): warning C4018: "<": Konflikt zwischen "signed" und "unsigned"
d:\githubrepos\rts_p1\rts\rts_p1\main.cpp(132): warning C4244: "Argument": Konvertierung von "unsigned int" in "float", möglicher Datenverlust
d:\githubrepos\rts_p1\rts\rts_p1\main.cpp(149): warning C4244: "Argument": Konvertierung von "int" in "float", möglicher Datenverlust
d:\githubrepos\rts_p1\rts\rts_p1\main.cpp(169): warning C4244: "Argument": Konvertierung von "unsigned int" in "float", möglicher Datenverlust
  RTAScheduler.cpp
d:\githubrepos\rts_p1\rts\rts_p1\rtascheduler.cpp(18): warning C4018: "<": Konflikt zwischen "signed" und "unsigned"
d:\githubrepos\rts_p1\rts\rts_p1\rtascheduler.cpp(34): warning C4018: "<": Konflikt zwischen "signed" und "unsigned"
d:\githubrepos\rts_p1\rts\rts_p1\rtascheduler.cpp(38): warning C4018: "<": Konflikt zwischen "signed" und "unsigned"
d:\githubrepos\rts_p1\rts\rts_p1\rtascheduler.cpp(58): warning C4018: "<": Konflikt zwischen "signed" und "unsigned"
d:\githubrepos\rts_p1\rts\rts_p1\rtascheduler.cpp(69): warning C4018: "<": Konflikt zwischen "signed" und "unsigned"
d:\githubrepos\rts_p1\rts\rts_p1\rtascheduler.cpp(74): warning C4244: "Initialisierung": Konvertierung von "int" in "float", möglicher Datenverlust
d:\githubrepos\rts_p1\rts\rts_p1\rtascheduler.cpp(78): warning C4018: "<": Konflikt zwischen "signed" und "unsigned"
d:\githubrepos\rts_p1\rts\rts_p1\rtascheduler.cpp(80): warning C4244: "Initialisierung": Konvertierung von "int" in "float", möglicher Datenverlust
d:\githubrepos\rts_p1\rts\rts_p1\rtascheduler.cpp(116): warning C4018: "<": Konflikt zwischen "signed" und "unsigned"
d:\githubrepos\rts_p1\rts\rts_p1\rtascheduler.cpp(121): warning C4244: "Initialisierung": Konvertierung von "int" in "float", möglicher Datenverlust
d:\githubrepos\rts_p1\rts\rts_p1\rtascheduler.cpp(125): warning C4018: "<": Konflikt zwischen "signed" und "unsigned"
d:\githubrepos\rts_p1\rts\rts_p1\rtascheduler.cpp(127): warning C4244: "Initialisierung": Konvertierung von "int" in "float", möglicher Datenverlust
d:\githubrepos\rts_p1\rts\rts_p1\rtascheduler.cpp(179): warning C4244: "=": Konvertierung von "double" in "float", möglicher Datenverlust
  Code wird generiert...
cl : Befehlszeile warning D9028: Fehler beim minimalen Neukompilieren, normale Erstellung wird durchgeführt.
  RTS_P1.vcxproj -> D:\GitHubRepos\RTS_P1\RTS\Debug\RTS_P1.exe
